[2026-04-21T17:49:58.759] [DEBUG] debug-file - env: nodejsVersion=v18.20.1
[2026-04-21T17:49:59.041] [DEBUG] debug-file - Hvigor init with startParameters:{
  hvigorfileTypeCheck: false,
  parallelExecution: true,
  incrementalExecution: true,
  printStackTrace: false,
  daemon: false,
  analyze: 0,
  logLevel: Level { level: 20000, levelStr: 'INFO', colour: 'green' },
  optimizationStrategy: 'memory',
  hotCompile: undefined,
  hotReloadBuild: undefined,
  customizedParam: undefined
}
[2026-04-21T17:50:00.331] [DEBUG] debug-file - hvigorfile, require result:  { appTasks: [Getter] }
[2026-04-21T17:50:00.449] [DEBUG] debug-file - App plugin register hook start...
[2026-04-21T17:50:00.451] [DEBUG] debug-file - Start initialize project's product build option map with build mode debug.
[2026-04-21T17:50:00.465] [DEBUG] debug-file - Start recording SDK configuration permission data.
[2026-04-21T17:50:00.333] [DEBUG] debug-file - Starting plugin build process
[2026-04-21T17:50:00.497] [DEBUG] debug-file - Project task initialization takes 5 ms 
[2026-04-21T17:50:00.503] [DEBUG] debug-file - failed to load cangjie to dynamically generate schemas: Error: Cannot find module '@ohos/cangjie-build-support/index'
Require stack:
- D:\DevEco Studio\tools\hvigor\hvigor-ohos-plugin\src\plugin\hooks\cangjie-register.js
- D:\DevEco Studio\tools\hvigor\hvigor-ohos-plugin\src\plugin\strategy\stage-init-strategy.js
- D:\DevEco Studio\tools\hvigor\hvigor-ohos-plugin\src\plugin\builder\abstract-plugin-builder.js
- D:\DevEco Studio\tools\hvigor\hvigor-ohos-plugin\src\plugin\builder\app-plugin-builder.js
- D:\DevEco Studio\tools\hvigor\hvigor-ohos-plugin\src\plugin\factory\plugin-factory.js
- D:\DevEco Studio\tools\hvigor\hvigor-ohos-plugin\index.js
- D:\DevEcoProject\ads-kit-sample-code-client-demo-arkts\hvigorfile.ts
- D:\DevEco Studio\tools\hvigor\hvigor\src\base\internal\lifecycle\configuration.js
- D:\DevEco Studio\tools\hvigor\hvigor\src\base\boot\index.js
- D:\DevEco Studio\tools\hvigor\hvigor\src\cli\main\cli.js
- D:\DevEco Studio\tools\hvigor\hvigor\bin\hvigor.js
[2026-04-21T17:50:00.454] [DEBUG] debug-file - Obtain build option for product 'default'in this build.
[2026-04-21T17:50:00.512] [DEBUG] debug-file - Start initialize module-target build option map, moduleName=entry, buildMode=debug
[2026-04-21T17:50:00.519] [DEBUG] debug-file - project has submodules:entry
[2026-04-21T17:50:00.520] [DEBUG] debug-file - start to load updatedOhPackageInfo to the disk
[2026-04-21T17:49:58.760] [DEBUG] debug-file - env: hvigor-config.json5 content = {
  modelVersion: '5.0.0',
  dependencies: {},
  execution: {},
  logging: {},
  debugging: {}
}
[2026-04-21T17:50:00.533] [DEBUG] debug-file - entry : clean cost memory 0.1097259521484375
[2026-04-21T17:50:00.526] [DEBUG] debug-file - Start to initialize dependency information.
[2026-04-21T17:50:00.548] [DEBUG] debug-file - Create  resident worker with id: 0.
[2026-04-21T17:49:59.041] [DEBUG] debug-file - Since current hvigor version 6.22.4 differs from last hvigor version 
      undefined, delete file-cache.json and task-cache.json.
[2026-04-21T17:50:00.331] [DEBUG] debug-file - hvigorfile, binding system plugins { appTasks: [Getter] }
[2026-04-21T17:50:00.450] [DEBUG] debug-file - App plugin register hook end...
[2026-04-21T17:50:00.451] [DEBUG] debug-file - Picking option from product 'default' with build mode 'debug'.
[2026-04-21T17:50:00.492] [DEBUG] debug-file - Sdk init in 33 ms 
[2026-04-21T17:50:00.333] [DEBUG] debug-file - App plugin prepare start...
[2026-04-21T17:50:00.497] [DEBUG] debug-file - hvigorfile, resolve finished D:\DevEcoProject\ads-kit-sample-code-client-demo-arkts\hvigorfile.ts
[2026-04-21T17:50:00.455] [DEBUG] debug-file - not found resModel json file in : D:\DevEcoProject\ads-kit-sample-code-client-demo-arkts\entry\src\ohosTest\module.json5
[2026-04-21T17:50:00.512] [DEBUG] debug-file - Target 'default' config initialized
[2026-04-21T17:50:00.523] [DEBUG] debug-file - load to the disk finished
[2026-04-21T17:49:58.761] [DEBUG] debug-file - env: daemon=false
[2026-04-21T17:50:00.533] [DEBUG] debug-file - runTaskFromQueue task cost before running: 1 s 498 ms 
[2026-04-21T17:50:00.528] [DEBUG] debug-file - Module entry Collected Dependency: 
[2026-04-21T17:50:00.549] [DEBUG] debug-file - Create  resident worker with id: 1.
[2026-04-21T17:49:59.042] [DEBUG] debug-file - Cache service initialization finished in 1 ms 
[2026-04-21T17:50:00.450] [DEBUG] debug-file - Plugin build process completed
[2026-04-21T17:50:00.451] [DEBUG] debug-file - Product 'default' build option initialized
[2026-04-21T17:50:00.333] [DEBUG] debug-file - App plugin prepare end...
[2026-04-21T17:50:00.498] [DEBUG] debug-file - hvigorfile, resolving D:\DevEcoProject\ads-kit-sample-code-client-demo-arkts\entry\hvigorfile.ts
[2026-04-21T17:50:00.524] [DEBUG] debug-file - Start to initialize dependency information.
[2026-04-21T17:50:00.513] [DEBUG] debug-file - Target 'ohosTest' config initialized
[2026-04-21T17:50:00.459] [DEBUG] debug-file - No signingConfig found, initRemoteHspCache failed.
[2026-04-21T17:49:58.761] [DEBUG] debug-file - no-daemon, use the parent process.execArgv --max-old-space-size=8192,--max-semi-space-size=16,--expose-gc
[2026-04-21T17:50:00.533] [INFO] debug-file - Finished :entry:clean... after 2 ms 
[2026-04-21T17:50:00.528] [DEBUG] debug-file - Module entry's total dependency: 0
[2026-04-21T17:50:00.551] [DEBUG] debug-file - Current worker pool is stopped or closed.
[2026-04-21T17:49:59.043] [DEBUG] debug-file - hvigorfile, resolving D:\DevEcoProject\ads-kit-sample-code-client-demo-arkts\hvigorfile.ts
[2026-04-21T17:50:00.451] [DEBUG] debug-file - End initialize project's product build option map with build mode 'debug'.
[2026-04-21T17:50:00.333] [DEBUG] debug-file - App plugin creating...
[2026-04-21T17:50:00.502] [DEBUG] debug-file - hvigorfile, require result:  { hapTasks: [Getter] }
[2026-04-21T17:50:00.513] [DEBUG] debug-file - Module 'entry' target 'default' build option initialized
[2026-04-21T17:50:00.460] [DEBUG] debug-file - Local scan or download HarmonyOS sdk components toolchains,ets,js,native,previewer
[2026-04-21T17:50:00.525] [DEBUG] debug-file - Module ads-kit-sample-code-client-demo-arkts Collected Dependency: 
[2026-04-21T17:50:00.534] [DEBUG] debug-file - Executing task ::clean
[2026-04-21T17:50:00.551] [DEBUG] debug-file - Clear worker 0.
[2026-04-21T17:50:00.530] [DEBUG] debug-file - Configuration phase cost:1 s 488 ms 
[2026-04-21T17:50:00.502] [DEBUG] debug-file - hvigorfile, binding system plugins { hapTasks: [Getter] }
[2026-04-21T17:50:00.513] [DEBUG] debug-file - Module 'entry' target 'ohosTest' build option initialized
[2026-04-21T17:50:00.462] [DEBUG] debug-file - Local scan or download hmscore sdk components toolchains,ets,native
[2026-04-21T17:50:00.525] [DEBUG] debug-file - Module ads-kit-sample-code-client-demo-arkts's total dependency: 0
[2026-04-21T17:50:00.534] [DEBUG] debug-file - clean: Worker pool is inactive.
[2026-04-21T17:50:00.551] [DEBUG] debug-file - Worker 0 has been cleared.
[2026-04-21T17:50:00.531] [DEBUG] debug-file - Configuration task cost before running: 1 s 496 ms 
[2026-04-21T17:50:00.502] [DEBUG] debug-file - Starting plugin build process
[2026-04-21T17:50:00.513] [DEBUG] debug-file - End initialize module-target build option map, moduleName=entry
[2026-04-21T17:50:00.534] [DEBUG] debug-file - ads-kit-sample-code-client-demo-arkts : clean cost memory 0.0199737548828125
[2026-04-21T17:50:00.551] [DEBUG] debug-file - Current idle worker size: 1.
[2026-04-21T17:50:00.532] [DEBUG] debug-file - Executing task :entry:clean
[2026-04-21T17:50:00.513] [DEBUG] debug-file - Start initialize module-target build option map, moduleName=entry, buildMode=release
[2026-04-21T17:50:00.502] [DEBUG] debug-file - Hap plugin creating...
[2026-04-21T17:50:00.534] [DEBUG] debug-file - runTaskFromQueue task cost before running: 1 s 499 ms 
[2026-04-21T17:50:00.551] [DEBUG] debug-file - Current busy worker size: 0.
[2026-04-21T17:50:00.532] [DEBUG] debug-file - clean: Worker pool is inactive.
[2026-04-21T17:50:00.513] [DEBUG] debug-file - Target 'default' config initialized
[2026-04-21T17:50:00.534] [INFO] debug-file - Finished ::clean... after 1 ms 
[2026-04-21T17:50:00.551] [DEBUG] debug-file - Clear worker 1.
[2026-04-21T17:50:00.513] [DEBUG] debug-file - Target 'ohosTest' config initialized
[2026-04-21T17:50:00.534] [DEBUG] debug-file - Executing task :entry:init
[2026-04-21T17:50:00.513] [DEBUG] debug-file - Module 'entry' target 'default' build option initialized
[2026-04-21T17:50:00.551] [DEBUG] debug-file - Worker 1 has been cleared.
[2026-04-21T17:50:00.534] [DEBUG] debug-file - entry : init cost memory 0.01265716552734375
[2026-04-21T17:50:00.513] [DEBUG] debug-file - Module 'entry' target 'ohosTest' build option initialized
[2026-04-21T17:50:00.551] [DEBUG] debug-file - Current idle worker size: 0.
[2026-04-21T17:50:00.534] [DEBUG] debug-file - runTaskFromQueue task cost before running: 1 s 499 ms 
[2026-04-21T17:50:00.513] [DEBUG] debug-file - End initialize module-target build option map, moduleName=entry
[2026-04-21T17:50:00.551] [DEBUG] debug-file - Current busy worker size: 0.
[2026-04-21T17:50:00.534] [INFO] debug-file - Finished :entry:init... after 1 ms 
[2026-04-21T17:50:00.513] [DEBUG] debug-file - Start initialize module-target build option map, moduleName=entry, buildMode=debug
[2026-04-21T17:50:00.552] [DEBUG] debug-file - hvigor build process will be closed.
[2026-04-21T17:50:00.534] [DEBUG] debug-file - Executing task ::init
[2026-04-21T17:50:00.513] [DEBUG] debug-file - Target 'default' config initialized
[2026-04-21T17:50:00.554] [DEBUG] debug-file - worker[0] exits with exit code 0.
[2026-04-21T17:50:00.534] [DEBUG] debug-file - ads-kit-sample-code-client-demo-arkts : init cost memory 0.01143646240234375
[2026-04-21T17:50:00.513] [DEBUG] debug-file - Target 'ohosTest' config initialized
[2026-04-21T17:50:00.554] [DEBUG] debug-file - worker[1] exits with exit code 0.
[2026-04-21T17:50:00.534] [DEBUG] debug-file - runTaskFromQueue task cost before running: 1 s 499 ms 
[2026-04-21T17:50:00.513] [DEBUG] debug-file - Module 'entry' target 'default' build option initialized
[2026-04-21T17:50:00.555] [DEBUG] debug-file - Current worker pool is terminated.
[2026-04-21T17:50:00.535] [INFO] debug-file - Finished ::init... after 1 ms 
[2026-04-21T17:50:00.513] [DEBUG] debug-file - Module 'entry' target 'ohosTest' build option initialized
[2026-04-21T17:50:00.540] [DEBUG] debug-file - Obtain build option for module 'entry' target 'default'in this build.
[2026-04-21T17:50:00.513] [DEBUG] debug-file - End initialize module-target build option map, moduleName=entry
[2026-04-21T17:50:00.541] [DEBUG] debug-file - Obtain build option for module 'entry' target 'ohosTest'in this build.
[2026-04-21T17:50:00.514] [DEBUG] debug-file - Obtain build option for module 'entry' target 'default'in this build.
[2026-04-21T17:50:00.546] [DEBUG] debug-file - Since there is no instance or instance is terminated, create a new worker pool.
[2026-04-21T17:50:00.517] [DEBUG] debug-file - Module entry task initialization takes 3 ms 
[2026-04-21T17:50:00.546] [DEBUG] debug-file - Worker pool is initialized with config:  {
  minPoolNum: 2,
  maxPoolNum: undefined,
  maxCoreSize: undefined,
  cacheCapacity: undefined,
  cacheTtl: undefined
}
[2026-04-21T17:50:00.518] [DEBUG] debug-file - Hap plugin register hook start...
[2026-04-21T17:50:00.518] [DEBUG] debug-file - Hap plugin register hook end...
[2026-04-21T17:50:00.518] [DEBUG] debug-file - Plugin build process completed
[2026-04-21T17:50:00.518] [DEBUG] debug-file - hvigorfile, resolve finished D:\DevEcoProject\ads-kit-sample-code-client-demo-arkts\entry\hvigorfile.ts
[2026-04-21T17:50:49.577] [DEBUG] debug-file - env: nodejsVersion=v18.20.1
[2026-04-21T17:50:49.620] [DEBUG] debug-file - env: daemon=true
[2026-04-21T17:50:49.578] [DEBUG] debug-file - env: hvigor-config.json5 content = {
  modelVersion: '5.0.0',
  dependencies: {},
  execution: {},
  logging: {},
  debugging: {}
}
[2026-04-21T17:50:50.188] [DEBUG] debug-file - java daemon tryConnect failed Error: connect ECONNREFUSED 127.0.0.1:45050
[2026-04-21T17:50:50.194] [DEBUG] debug-file - java daemon started at port 45050 pid 20628
[2026-04-21T17:50:50.218] [DEBUG] debug-file - session manager: set active socket. socketId=b2Mnfk0pMQ5cnYh8AAAB
[2026-04-21T17:50:50.804] [DEBUG] debug-file - watch worker: worker id should be larger than 0. Nothing will be sent to any worker thread.
[2026-04-21T17:50:50.808] [DEBUG] debug-file - Since there is no instance or instance is terminated, create a new worker pool.
[2026-04-21T17:50:50.808] [DEBUG] debug-file - Worker pool is initialized with config:  {
  minPoolNum: 2,
  maxPoolNum: undefined,
  maxCoreSize: undefined,
  cacheCapacity: undefined,
  cacheTtl: undefined
}
[2026-04-21T17:50:50.809] [DEBUG] debug-file - Create  resident worker with id: 0.
[2026-04-21T17:50:50.810] [DEBUG] debug-file - Create  resident worker with id: 1.
[2026-04-21T17:50:50.812] [DEBUG] debug-file - Workers' log level updated to INFO
[2026-04-21T17:50:50.818] [DEBUG] debug-file - Hvigor init with startParameters:{
  hvigorfileTypeCheck: false,
  parallelExecution: true,
  incrementalExecution: true,
  printStackTrace: false,
  daemon: true,
  analyze: 0,
  logLevel: Level { level: 20000, levelStr: 'INFO', colour: 'green' },
  optimizationStrategy: 'memory',
  hotCompile: undefined,
  hotReloadBuild: undefined,
  customizedParam: undefined
}
[2026-04-21T17:50:50.819] [DEBUG] debug-file - Cache service initialization finished in 1 ms 
[2026-04-21T17:50:50.820] [DEBUG] debug-file - hvigorfile, resolving D:\DevEcoProject\ads-kit-sample-code-client-demo-arkts\hvigorfile.ts
[2026-04-21T17:50:52.458] [DEBUG] debug-file - hvigorfile, require result:  {}
[2026-04-21T17:50:52.458] [DEBUG] debug-file - hvigorfile, binding system plugins {}
[2026-04-21T17:50:52.459] [DEBUG] debug-file - Starting plugin build process
[2026-04-21T17:50:52.459] [DEBUG] debug-file - App plugin prepare start...
[2026-04-21T17:50:52.459] [DEBUG] debug-file - App plugin prepare end...
[2026-04-21T17:50:52.459] [DEBUG] debug-file - App plugin creating...
[2026-04-21T17:50:52.583] [DEBUG] debug-file - App plugin register hook start...
[2026-04-21T17:50:52.583] [DEBUG] debug-file - App plugin register hook end...
[2026-04-21T17:50:52.584] [DEBUG] debug-file - Plugin build process completed
[2026-04-21T17:50:52.585] [DEBUG] debug-file - Start initialize project's product build option map with build mode debug.
[2026-04-21T17:50:52.585] [DEBUG] debug-file - Picking option from product 'default' with build mode 'debug'.
[2026-04-21T17:50:52.585] [DEBUG] debug-file - Product 'default' build option initialized
[2026-04-21T17:50:52.585] [DEBUG] debug-file - End initialize project's product build option map with build mode 'debug'.
[2026-04-21T17:50:52.586] [DEBUG] debug-file - Obtain build option for product 'default'in this build.
[2026-04-21T17:50:52.588] [DEBUG] debug-file - not found resModel json file in : D:\DevEcoProject\ads-kit-sample-code-client-demo-arkts\entry\src\ohosTest\module.json5
[2026-04-21T17:50:52.593] [DEBUG] debug-file - No signingConfig found, initRemoteHspCache failed.
[2026-04-21T17:50:52.595] [DEBUG] debug-file - Local scan or download HarmonyOS sdk components toolchains,ets,js,native,previewer
[2026-04-21T17:50:52.597] [DEBUG] debug-file - Local scan or download hmscore sdk components toolchains,ets,native
[2026-04-21T17:50:52.598] [DEBUG] debug-file - Start recording SDK configuration permission data.
[2026-04-21T17:50:52.625] [DEBUG] debug-file - Sdk init in 31 ms 
[2026-04-21T17:50:52.629] [DEBUG] debug-file - Project task initialization takes 4 ms 
[2026-04-21T17:50:52.629] [DEBUG] debug-file - hvigorfile, resolve finished D:\DevEcoProject\ads-kit-sample-code-client-demo-arkts\hvigorfile.ts
[2026-04-21T17:50:52.630] [DEBUG] debug-file - hvigorfile, resolving D:\DevEcoProject\ads-kit-sample-code-client-demo-arkts\entry\hvigorfile.ts
[2026-04-21T17:50:52.634] [DEBUG] debug-file - hvigorfile, require result:  {}
[2026-04-21T17:50:52.634] [DEBUG] debug-file - hvigorfile, binding system plugins {}
[2026-04-21T17:50:52.634] [DEBUG] debug-file - Starting plugin build process
[2026-04-21T17:50:52.634] [DEBUG] debug-file - Hap plugin creating...
[2026-04-21T17:50:52.635] [DEBUG] debug-file - failed to load cangjie to dynamically generate schemas: Error: Cannot find module '@ohos/cangjie-build-support/index'
Require stack:
- D:\DevEco Studio\tools\hvigor\hvigor-ohos-plugin\src\plugin\hooks\cangjie-register.js
- D:\DevEco Studio\tools\hvigor\hvigor-ohos-plugin\src\plugin\strategy\stage-init-strategy.js
- D:\DevEco Studio\tools\hvigor\hvigor-ohos-plugin\src\plugin\builder\abstract-plugin-builder.js
- D:\DevEco Studio\tools\hvigor\hvigor-ohos-plugin\src\plugin\builder\app-plugin-builder.js
- D:\DevEco Studio\tools\hvigor\hvigor-ohos-plugin\src\plugin\factory\plugin-factory.js
- D:\DevEco Studio\tools\hvigor\hvigor-ohos-plugin\index.js
- D:\DevEcoProject\ads-kit-sample-code-client-demo-arkts\hvigorfile.ts
- D:\DevEco Studio\tools\hvigor\hvigor\src\base\internal\lifecycle\configuration.js
- D:\DevEco Studio\tools\hvigor\hvigor\src\base\boot\index.js
- D:\DevEco Studio\tools\hvigor\hvigor\src\base\daemon\cluster\worker-process-lifecycle.js
- D:\DevEco Studio\tools\hvigor\hvigor\src\base\daemon\process\daemon-process-boot-script.js
[2026-04-21T17:50:52.644] [DEBUG] debug-file - Start initialize module-target build option map, moduleName=entry, buildMode=debug
[2026-04-21T17:50:52.644] [DEBUG] debug-file - Target 'default' config initialized
[2026-04-21T17:50:52.644] [DEBUG] debug-file - Target 'ohosTest' config initialized
[2026-04-21T17:50:52.644] [DEBUG] debug-file - Module 'entry' target 'default' build option initialized
[2026-04-21T17:50:52.644] [DEBUG] debug-file - Module 'entry' target 'ohosTest' build option initialized
[2026-04-21T17:50:52.644] [DEBUG] debug-file - End initialize module-target build option map, moduleName=entry
[2026-04-21T17:50:52.644] [DEBUG] debug-file - Start initialize module-target build option map, moduleName=entry, buildMode=release
[2026-04-21T17:50:52.644] [DEBUG] debug-file - Target 'default' config initialized
[2026-04-21T17:50:52.645] [DEBUG] debug-file - Target 'ohosTest' config initialized
[2026-04-21T17:50:52.645] [DEBUG] debug-file - Module 'entry' target 'default' build option initialized
[2026-04-21T17:50:52.645] [DEBUG] debug-file - Module 'entry' target 'ohosTest' build option initialized
[2026-04-21T17:50:52.645] [DEBUG] debug-file - End initialize module-target build option map, moduleName=entry
[2026-04-21T17:50:52.645] [DEBUG] debug-file - Start initialize module-target build option map, moduleName=entry, buildMode=debug
[2026-04-21T17:50:52.645] [DEBUG] debug-file - Target 'default' config initialized
[2026-04-21T17:50:52.645] [DEBUG] debug-file - Target 'ohosTest' config initialized
[2026-04-21T17:50:52.645] [DEBUG] debug-file - Module 'entry' target 'default' build option initialized
[2026-04-21T17:50:52.645] [DEBUG] debug-file - Module 'entry' target 'ohosTest' build option initialized
[2026-04-21T17:50:52.645] [DEBUG] debug-file - End initialize module-target build option map, moduleName=entry
[2026-04-21T17:50:52.646] [DEBUG] debug-file - Obtain build option for module 'entry' target 'default'in this build.
[2026-04-21T17:50:52.649] [DEBUG] debug-file - Module entry task initialization takes 3 ms 
[2026-04-21T17:50:52.649] [DEBUG] debug-file - Hap plugin register hook start...
[2026-04-21T17:50:52.649] [DEBUG] debug-file - Hap plugin register hook end...
[2026-04-21T17:50:52.649] [DEBUG] debug-file - Plugin build process completed
[2026-04-21T17:50:52.649] [DEBUG] debug-file - hvigorfile, resolve finished D:\DevEcoProject\ads-kit-sample-code-client-demo-arkts\entry\hvigorfile.ts
[2026-04-21T17:50:52.666] [DEBUG] debug-file - hvigorfile, resolve hvigorfile dependencies in 17 ms 
[2026-04-21T17:50:52.666] [DEBUG] debug-file - project has submodules:entry
[2026-04-21T17:50:52.668] [DEBUG] debug-file - start to load updatedOhPackageInfo to the disk
[2026-04-21T17:50:52.672] [DEBUG] debug-file - load to the disk finished
[2026-04-21T17:50:52.673] [DEBUG] debug-file - Start to initialize dependency information.
[2026-04-21T17:50:52.675] [DEBUG] debug-file - Module ads-kit-sample-code-client-demo-arkts Collected Dependency: 
[2026-04-21T17:50:52.675] [DEBUG] debug-file - Module ads-kit-sample-code-client-demo-arkts's total dependency: 0
[2026-04-21T17:50:52.676] [DEBUG] debug-file - Start to initialize dependency information.
[2026-04-21T17:50:52.677] [DEBUG] debug-file - Module entry Collected Dependency: 
[2026-04-21T17:50:52.677] [DEBUG] debug-file - Module entry's total dependency: 0
[2026-04-21T17:50:52.680] [DEBUG] debug-file - Configuration phase cost:1 s 862 ms 
[2026-04-21T17:50:52.681] [DEBUG] debug-file - Configuration task cost before running: 1 s 869 ms 
[2026-04-21T17:50:52.686] [DEBUG] debug-file - Executing task :entry:default@PreBuild
[2026-04-21T17:50:52.687] [DEBUG] debug-file - Task 'entry:default@PreBuild' cost while wrapping incremental declarations: 1 ms 
[2026-04-21T17:50:52.773] [DEBUG] debug-file - current product is not Atomic service.
[2026-04-21T17:50:52.773] [DEBUG] debug-file - Use tool [win32: JAVA_HOME, CLASSPATH]
 [ { JAVA_HOME: 'D:\\DevEco Studio\\jbr' }, { CLASSPATH: undefined } ]
[2026-04-21T17:50:52.773] [DEBUG] debug-file - Use tool [win32: NODE_HOME]
 [ { NODE_HOME: 'D:\\DevEco Studio\\tools\\node' } ]
[2026-04-21T17:50:52.774] [DEBUG] debug-file - entry : default@PreBuild cost memory 17.905479431152344
[2026-04-21T17:50:52.774] [DEBUG] debug-file - runTaskFromQueue task cost before running: 1 s 962 ms 
[2026-04-21T17:50:52.775] [INFO] debug-file - Finished :entry:default@PreBuild... after 89 ms 
[2026-04-21T17:50:52.776] [DEBUG] debug-file - Executing task :entry:default@CreateModuleInfo
[2026-04-21T17:50:52.777] [DEBUG] debug-file - Task 'entry:default@CreateModuleInfo' cost while wrapping incremental declarations: 1 ms 
[2026-04-21T17:50:52.777] [DEBUG] debug-file - entry : default@CreateModuleInfo cost memory 0.28542327880859375
[2026-04-21T17:50:52.777] [DEBUG] debug-file - runTaskFromQueue task cost before running: 1 s 965 ms 
[2026-04-21T17:50:52.777] [INFO] debug-file - Finished :entry:default@CreateModuleInfo... after 1 ms 
[2026-04-21T17:50:52.778] [DEBUG] debug-file - Executing task :entry:default@GenerateMetadata
[2026-04-21T17:50:52.779] [DEBUG] debug-file - Task 'entry:default@GenerateMetadata' cost while wrapping incremental declarations: 1 ms 
[2026-04-21T17:50:52.781] [DEBUG] debug-file - entry : default@GenerateMetadata cost memory 0.0635833740234375
[2026-04-21T17:50:52.782] [DEBUG] debug-file - runTaskFromQueue task cost before running: 1 s 970 ms 
[2026-04-21T17:50:52.782] [INFO] debug-file - Finished :entry:default@GenerateMetadata... after 4 ms 
[2026-04-21T17:50:52.783] [DEBUG] debug-file - Executing task :entry:default@ConfigureCmake
[2026-04-21T17:50:52.783] [DEBUG] debug-file - entry : default@ConfigureCmake cost memory 0.0145721435546875
[2026-04-21T17:50:52.783] [DEBUG] debug-file - runTaskFromQueue task cost before running: 1 s 971 ms 
[2026-04-21T17:50:52.783] [INFO] debug-file - Finished :entry:default@ConfigureCmake... after 1 ms 
[2026-04-21T17:50:52.786] [DEBUG] debug-file - Executing task :entry:default@MergeProfile
[2026-04-21T17:50:52.787] [DEBUG] debug-file - Task 'entry:default@MergeProfile' cost while wrapping incremental declarations: 1 ms 
[2026-04-21T17:50:52.788] [DEBUG] debug-file - Change app api release type with 'Release'
[2026-04-21T17:50:52.788] [DEBUG] debug-file - Change app compile API version with '6.0.2.130'
[2026-04-21T17:50:52.788] [DEBUG] debug-file - Change app target API version with '60000020'
[2026-04-21T17:50:52.788] [DEBUG] debug-file - Change app minimum API version with '50005017'
[2026-04-21T17:50:52.788] [DEBUG] debug-file - Use cli appEnvironment
[2026-04-21T17:50:52.790] [DEBUG] debug-file - entry : default@MergeProfile cost memory 0.161712646484375
[2026-04-21T17:50:52.790] [DEBUG] debug-file - runTaskFromQueue task cost before running: 1 s 978 ms 
[2026-04-21T17:50:52.790] [INFO] debug-file - Finished :entry:default@MergeProfile... after 4 ms 
[2026-04-21T17:50:52.791] [DEBUG] debug-file - Executing task :entry:default@CreateBuildProfile
[2026-04-21T17:50:52.791] [DEBUG] debug-file - Task 'entry:default@CreateBuildProfile' cost while wrapping incremental declarations: 1 ms 
[2026-04-21T17:50:52.792] [DEBUG] debug-file - entry : default@CreateBuildProfile cost memory 0.06630706787109375
[2026-04-21T17:50:52.792] [DEBUG] debug-file - runTaskFromQueue task cost before running: 1 s 981 ms 
[2026-04-21T17:50:52.793] [INFO] debug-file - Finished :entry:default@CreateBuildProfile... after 2 ms 
[2026-04-21T17:50:52.793] [DEBUG] debug-file - Executing task :entry:default@PreCheckSyscap
[2026-04-21T17:50:52.793] [DEBUG] debug-file - entry : default@PreCheckSyscap cost memory 0.01480865478515625
[2026-04-21T17:50:52.794] [DEBUG] debug-file - runTaskFromQueue task cost before running: 1 s 982 ms 
[2026-04-21T17:50:52.794] [INFO] debug-file - Finished :entry:default@PreCheckSyscap... after 1 ms 
[2026-04-21T17:50:52.795] [DEBUG] debug-file - Executing task :entry:default@GeneratePkgContextInfo
[2026-04-21T17:50:52.799] [DEBUG] debug-file - Task 'entry:default@GeneratePkgContextInfo' cost while wrapping incremental declarations: 1 ms 
[2026-04-21T17:50:52.799] [DEBUG] debug-file - entry : default@GeneratePkgContextInfo cost memory 0.1759185791015625
[2026-04-21T17:50:52.799] [DEBUG] debug-file - runTaskFromQueue task cost before running: 1 s 987 ms 
[2026-04-21T17:50:52.799] [INFO] debug-file - Finished :entry:default@GeneratePkgContextInfo... after 4 ms 
[2026-04-21T17:50:52.801] [DEBUG] debug-file - Executing task :entry:default@ProcessIntegratedHsp
[2026-04-21T17:50:52.802] [DEBUG] debug-file - entry : default@ProcessIntegratedHsp cost memory 0.029541015625
[2026-04-21T17:50:52.802] [DEBUG] debug-file - runTaskFromQueue task cost before running: 1 s 990 ms 
[2026-04-21T17:50:52.802] [INFO] debug-file - Finished :entry:default@ProcessIntegratedHsp... after 1 ms 
[2026-04-21T17:50:52.803] [DEBUG] debug-file - Executing task :entry:default@BuildNativeWithCmake
[2026-04-21T17:50:52.803] [DEBUG] debug-file - entry : default@BuildNativeWithCmake cost memory 0.01495361328125
[2026-04-21T17:50:52.803] [DEBUG] debug-file - runTaskFromQueue task cost before running: 1 s 991 ms 
[2026-04-21T17:50:52.803] [INFO] debug-file - Finished :entry:default@BuildNativeWithCmake... after 1 ms 
[2026-04-21T17:50:52.804] [DEBUG] debug-file - Executing task :entry:default@MakePackInfo
[2026-04-21T17:50:52.805] [DEBUG] debug-file - Module Pack Info:  {
  summary: {
    app: { bundleName: 'c***o', bundleType: 'app', version: [Object] },
    modules: [ [Object] ]
  },
  packages: [
    {
      deviceType: [Array],
      moduleType: 'entry',
      deliveryWithInstall: true,
      name: 'entry-default'
    }
  ]
}
[2026-04-21T17:50:52.806] [DEBUG] debug-file - entry : default@MakePackInfo cost memory 0.22894287109375
[2026-04-21T17:50:52.806] [DEBUG] debug-file - runTaskFromQueue task cost before running: 1 s 994 ms 
[2026-04-21T17:50:52.806] [INFO] debug-file - Finished :entry:default@MakePackInfo... after 3 ms 
[2026-04-21T17:50:52.807] [DEBUG] debug-file - Executing task :entry:default@SyscapTransform
[2026-04-21T17:50:52.807] [DEBUG] debug-file - File: 'D:\DevEcoProject\ads-kit-sample-code-client-demo-arkts\entry\src\main\syscap.json' from 'sysCapJsonPath' is not exists, just ignore.
[2026-04-21T17:50:52.807] [DEBUG] debug-file - Task 'entry:default@SyscapTransform' cost while wrapping incremental declarations: 1 ms 
[2026-04-21T17:50:52.808] [DEBUG] debug-file - entry : default@SyscapTransform cost memory 0.053985595703125
[2026-04-21T17:50:52.808] [DEBUG] debug-file - runTaskFromQueue task cost before running: 1 s 996 ms 
[2026-04-21T17:50:52.808] [INFO] debug-file - Finished :entry:default@SyscapTransform... after 2 ms 
[2026-04-21T17:50:52.809] [DEBUG] debug-file - Executing task :entry:default@ProcessProfile
[2026-04-21T17:50:52.810] [DEBUG] debug-file - Task 'entry:default@ProcessProfile' cost while wrapping incremental declarations: 1 ms 
[2026-04-21T17:50:52.811] [DEBUG] debug-file - [
  'D:\\DevEco Studio\\tools\\node\\node.exe',
  'D:\\DevEco Studio\\sdk\\default\\openharmony\\ets\\build-tools\\ets-loader\\bin\\ark\\ts2abc.js',
  '--target-api-version',
  '17'
]
[2026-04-21T17:50:52.896] [DEBUG] debug-file - 12.0.6.0
[2026-04-21T17:50:52.897] [DEBUG] debug-file - No need to add fake ui ability because of not in preview process.
[2026-04-21T17:50:52.898] [DEBUG] debug-file - entry : default@ProcessProfile cost memory 2.3324966430664062
[2026-04-21T17:50:52.898] [DEBUG] debug-file - runTaskFromQueue task cost before running: 2 s 86 ms 
[2026-04-21T17:50:52.899] [INFO] debug-file - Finished :entry:default@ProcessProfile... after 90 ms 
[2026-04-21T17:50:52.899] [DEBUG] debug-file - Executing task :entry:default@ProcessRouterMap
[2026-04-21T17:50:52.902] [DEBUG] debug-file - entry : default@ProcessRouterMap cost memory 0.08502197265625
[2026-04-21T17:50:52.902] [DEBUG] debug-file - runTaskFromQueue task cost before running: 2 s 90 ms 
[2026-04-21T17:50:52.903] [INFO] debug-file - Finished :entry:default@ProcessRouterMap... after 3 ms 
[2026-04-21T17:50:52.903] [DEBUG] debug-file - Executing task :entry:default@ProcessShareConfig
[2026-04-21T17:50:52.905] [DEBUG] debug-file - entry : default@ProcessShareConfig cost memory 0.06603240966796875
[2026-04-21T17:50:52.905] [DEBUG] debug-file - runTaskFromQueue task cost before running: 2 s 93 ms 
[2026-04-21T17:50:52.905] [INFO] debug-file - Finished :entry:default@ProcessShareConfig... after 2 ms 
[2026-04-21T17:50:52.906] [DEBUG] debug-file - Executing task :entry:default@ProcessStartupConfig
[2026-04-21T17:50:52.906] [DEBUG] debug-file - Task 'entry:default@ProcessStartupConfig' cost while wrapping incremental declarations: 1 ms 
[2026-04-21T17:50:52.907] [DEBUG] debug-file - entry : default@ProcessStartupConfig cost memory 0.0608062744140625
[2026-04-21T17:50:52.907] [DEBUG] debug-file - runTaskFromQueue task cost before running: 2 s 95 ms 
[2026-04-21T17:50:52.907] [INFO] debug-file - Finished :entry:default@ProcessStartupConfig... after 1 ms 
[2026-04-21T17:50:52.908] [DEBUG] debug-file - Executing task :entry:default@BuildNativeWithNinja
[2026-04-21T17:50:52.909] [DEBUG] debug-file - entry : default@BuildNativeWithNinja cost memory 0.027374267578125
[2026-04-21T17:50:52.909] [DEBUG] debug-file - runTaskFromQueue task cost before running: 2 s 97 ms 
[2026-04-21T17:50:52.909] [INFO] debug-file - Finished :entry:default@BuildNativeWithNinja... after 1 ms 
[2026-04-21T17:50:52.910] [DEBUG] debug-file - restool module names: entry; moduleName=entry, taskName=default@ProcessResource
[2026-04-21T17:50:52.911] [DEBUG] debug-file - Executing task :entry:default@ProcessResource
[2026-04-21T17:50:52.911] [DEBUG] debug-file - Task 'entry:default@ProcessResource' cost while wrapping incremental declarations: 1 ms 
[2026-04-21T17:50:52.913] [DEBUG] debug-file - entry : default@ProcessResource cost memory 0.1172943115234375
[2026-04-21T17:50:52.913] [DEBUG] debug-file - runTaskFromQueue task cost before running: 2 s 101 ms 
[2026-04-21T17:50:52.914] [INFO] debug-file - Finished :entry:default@ProcessResource... after 3 ms 
[2026-04-21T17:50:52.915] [DEBUG] debug-file - Executing task :entry:default@GenerateLoaderJson
[2026-04-21T17:50:52.916] [DEBUG] debug-file - Task 'entry:default@GenerateLoaderJson' cost while wrapping incremental declarations: 1 ms 
[2026-04-21T17:50:52.924] [DEBUG] debug-file - entry : default@GenerateLoaderJson cost memory 0.5252532958984375
[2026-04-21T17:50:52.924] [DEBUG] debug-file - runTaskFromQueue task cost before running: 2 s 112 ms 
[2026-04-21T17:50:52.926] [INFO] debug-file - Finished :entry:default@GenerateLoaderJson... after 9 ms 
[2026-04-21T17:50:52.926] [DEBUG] debug-file - Executing task :entry:default@ProcessLibs
[2026-04-21T17:50:52.930] [DEBUG] debug-file - Worker dispatch failed, running processLibs on main thread.
[2026-04-21T17:50:52.930] [DEBUG] debug-file - entry : default@ProcessLibs cost memory 0.5054779052734375
[2026-04-21T17:50:52.931] [DEBUG] debug-file - runTaskFromQueue task cost before running: 2 s 119 ms 
[2026-04-21T17:50:52.931] [INFO] debug-file - Finished :entry:default@ProcessLibs... after 5 ms 
[2026-04-21T17:50:52.932] [DEBUG] debug-file - restool module names: entry; moduleName=entry, taskName=default@CompileResource
[2026-04-21T17:50:52.932] [DEBUG] debug-file - Executing task :entry:default@CompileResource
[2026-04-21T17:50:52.938] [DEBUG] debug-file - Use tool [D:\DevEco Studio\sdk\default\openharmony\toolchains\restool.exe]
 [
  'D:\\DevEco Studio\\sdk\\default\\openharmony\\toolchains\\restool.exe',
  '-l',
  'D:\\DevEcoProject\\ads-kit-sample-code-client-demo-arkts\\entry\\build\\default\\intermediates\\res\\default\\resConfig.json'
]
[2026-04-21T17:50:52.939] [DEBUG] debug-file - current process  memoryUsage: {
  rss: 278908928,
  heapTotal: 166637568,
  heapUsed: 139991080,
  external: 14040748,
  arrayBuffers: 11230695
} os memoryUsage :13.727100372314453
[2026-04-21T17:50:52.971] [DEBUG] debug-file - Info: Pack: normal pack mode

[2026-04-21T17:50:53.012] [DEBUG] debug-file - Info: hardware concurrency count is : 24
Info: thread count is : 24

[2026-04-21T17:50:53.013] [DEBUG] debug-file - Info: thread pool is started

[2026-04-21T17:50:53.013] [DEBUG] debug-file - Info: GenericCompiler::CompileFiles

[2026-04-21T17:50:53.017] [DEBUG] debug-file - Info: GenericCompiler::CompileFiles

[2026-04-21T17:50:53.019] [DEBUG] debug-file - Info: GenericCompiler::CompileFiles

[2026-04-21T17:50:53.023] [DEBUG] debug-file - 04-21 17:50:53.024 21296 21292 E C01400/ImageTranscoderUtils: DecodeToRGBA IN
04-21 17:50:53.024 21296 21292 E C01400/ImageTranscoderUtils: ImageFilter IN D:\DevEcoProject\ads-kit-sample-code-client-demo-arkts\AppScope\resources\base\media\ic_launcher.png

[2026-04-21T17:50:53.025] [DEBUG] debug-file - 04-21 17:50:53.025 21296 21292 E C01400/ImageTranscoder: TranscodeSLR ScalePixelsWithSLR failed

[2026-04-21T17:50:53.025] [DEBUG] debug-file - Warning: ScaleImage failed, file path = D:\DevEcoProject\ads-kit-sample-code-client-demo-arkts\AppScope\resources\base\media\ic_launcher.png

[2026-04-21T17:50:53.026] [DEBUG] debug-file - Warning: The width or height of the png file referenced by the icon exceeds the limit (41 pixels)
at D:\DevEcoProject\ads-kit-sample-code-client-demo-arkts\AppScope\resources\base\media\ic_launcher.png

[2026-04-21T17:50:53.026] [DEBUG] debug-file - Warning: The width or height of the png file referenced by the startWindowIcon exceeds the limit (144 pixels)
at D:\DevEcoProject\ads-kit-sample-code-client-demo-arkts\AppScope\resources\base\media\ic_launcher.png

[2026-04-21T17:50:53.027] [DEBUG] debug-file - Info: restool resources compile success.

[2026-04-21T17:50:53.027] [DEBUG] debug-file - Info: thread pool is stopped

[2026-04-21T17:50:53.090] [DEBUG] debug-file - entry : default@CompileResource cost memory 0.577789306640625
[2026-04-21T17:50:53.090] [DEBUG] debug-file - runTaskFromQueue task cost before running: 2 s 279 ms 
[2026-04-21T17:50:53.091] [INFO] debug-file - Finished :entry:default@CompileResource... after 159 ms 
[2026-04-21T17:50:53.092] [DEBUG] debug-file - Executing task :entry:default@DoNativeStrip
[2026-04-21T17:50:53.093] [DEBUG] debug-file - Task 'entry:default@DoNativeStrip' cost while wrapping incremental declarations: 1 ms 
[2026-04-21T17:50:53.095] [DEBUG] debug-file - entry : default@DoNativeStrip cost memory 0.0588836669921875
[2026-04-21T17:50:53.095] [DEBUG] debug-file - runTaskFromQueue task cost before running: 2 s 283 ms 
[2026-04-21T17:50:53.095] [INFO] debug-file - Finished :entry:default@DoNativeStrip... after 3 ms 
[2026-04-21T17:50:53.096] [DEBUG] debug-file - Executing task :entry:default@CompileArkTS
[2026-04-21T17:50:53.096] [DEBUG] debug-file - obfuscationOptions: undefined
[2026-04-21T17:50:53.097] [DEBUG] debug-file - Task 'entry:default@CompileArkTS' cost while wrapping incremental declarations: 1 ms 
[2026-04-21T17:50:53.108] [DEBUG] debug-file - build config:
[2026-04-21T17:50:53.108] [DEBUG] debug-file - {
  moduleType: 'entry',
  perf: 0,
  targetName: '.default',
  packageManagerType: 'ohpm',
  localPropertiesPath: 'D:\\DevEcoProject\\ads-kit-sample-code-client-demo-arkts\\local.properties',
  isPreview: false,
  isOhosTest: false,
  isLocalTest: false,
  buildMode: 'Debug',
  hotReloadBuild: undefined,
  watchMode: 'false',
  aceProfilePath: 'D:\\DevEcoProject\\ads-kit-sample-code-client-demo-arkts\\entry\\build\\default\\intermediates\\res\\default\\resources\\base\\profile',
  etsLoaderPath: 'D:\\DevEco Studio\\sdk\\default\\openharmony\\ets\\build-tools\\ets-loader',
  modulePath: 'D:\\DevEcoProject\\ads-kit-sample-code-client-demo-arkts\\entry',
  testFrameworkPar: {
    testMode: undefined,
    coveragePathFilter: undefined,
    coverageMode: undefined
  },
  needCoverageInsert: false,
  debugLine: false,
  projectTopDir: 'D:\\DevEcoProject\\ads-kit-sample-code-client-demo-arkts',
  compileSdkVersion: 22,
  compatibleSdkVersion: 17,
  originCompatibleSdkVersion: '5.0.5(17)',
  compatibleSdkVersionStage: undefined,
  bundleName: 'c***o',
  etsLoaderVersion: '6.0.2.130',
  etsLoaderReleaseType: 'Release',
  aotCompileMode: 'type',
  apPath: 'D:\\DevEcoProject\\ads-kit-sample-code-client-demo-arkts\\entry\\modules.ap',
  entryModuleName: 'entry',
  entryModuleVersion: '1.0.0',
  entryPackageName: 'entry',
  allModuleNameHash: '3487412ddcd52fb507e7d23811bfa3aad18c4f4073bf8c5ed7065cca4e81aa97',
  externalApiPaths: [ 'D:\\DevEco Studio\\sdk\\default\\hms\\ets' ],
  compilerTypes: [],
  isCrossplatform: false,
  hvigorPluginFile: undefined,
  compilePluginPath: undefined,
  buildGeneratedProfilePath: 'D:\\DevEcoProject\\ads-kit-sample-code-client-demo-arkts\\entry\\build\\default\\generated\\profile\\default',
  bundleType: 'app',
  arkTSVersion: undefined,
  apiVersion: 22,
  needCompleteSourcesMap: false,
  isFaMode: false,
  buildDir: 'D:\\DevEcoProject\\ads-kit-sample-code-client-demo-arkts\\entry\\build',
  deviceTypes: [ 'phone', 'tablet' ],
  pkgContextInfo: undefined,
  ohPackagePathMap: {},
  dependencyAliasMap: {},
  permission: {
    requestPermissions: [ [Object], [Object] ],
    definePermissions: undefined
  },
  useGetCurrentBundleName: false,
  projectArkOption: undefined,
  sourceMapDir: undefined,
  branchElimination: false,
  transformLib: undefined,
  tsImportSendable: false,
  resolveConflictMode: true,
  depName2RootPath: {},
  depName2DepInfo: {},
  rootPathSet: [ 'D:\\DevEcoProject\\ads-kit-sample-code-client-demo-arkts' ],
  useNativeResolver: true,
  shouldEmitJs: true,
  useTscResolve: false,
  singleFileEmit: false,
  userProjectConfig: {
    autoLazyImport: false,
    allowEmptyBundleName: false,
    reExportCheckMode: 'noCheck',
    executionMode: 'memory',
    usePathPlaceholder: false,
    writeRollupCache: true,
    isExpandImportEnabled: false,
    expandImportExclude: '',
    lazyImportExclude: '',
    lazyImportInclude: '',
    ignoreCrossplatformCheck: false,
    isHarDeduplicateEnabled: false,
    skipOhModulesLint: false,
    enableStrictCheckOHModule: false,
    disableSendableCheckRules: [],
    useDeclarationFileSignature: false,
    customizedOptions: undefined,
    integratedHsp: false,
    isPreloadSoEnabled: false
  },
  executionMode: 'memory',
  arkCompileCachePath: 'D:\\DevEcoProject\\ads-kit-sample-code-client-demo-arkts\\entry\\build\\default\\cache\\default\\default@CompileArkTS\\esmodule',
  autoLazyFilter: undefined,
  isHarDeduplicateEnabled: false,
  intermediateHarDuplicateDirPath: 'D:\\DevEcoProject\\ads-kit-sample-code-client-demo-arkts\\entry\\build\\default\\intermediates\\har_duplicate\\default',
  autoLazyImport: false,
  allowEmptyBundleName: false,
  reExportCheckMode: 'noCheck',
  usePathPlaceholder: false,
  writeRollupCache: true,
  isExpandImportEnabled: false,
  expandImportExclude: '',
  lazyImportExclude: '',
  lazyImportInclude: '',
  ignoreCrossplatformCheck: false,
  skipOhModulesLint: false,
  enableStrictCheckOHModule: false,
  disableSendableCheckRules: [],
  useDeclarationFileSignature: false,
  customizedOptions: undefined,
  integratedHsp: false,
  isPreloadSoEnabled: false,
  strictMode: undefined,
  useNormalizedOHMUrl: false,
  caseSensitiveCheck: false,
  aceModuleJsonPath: 'D:\\DevEcoProject\\ads-kit-sample-code-client-demo-arkts\\entry\\build\\default\\intermediates\\res\\default\\ark_module.json',
  appResource: 'D:\\DevEcoProject\\ads-kit-sample-code-client-demo-arkts\\entry\\build\\default\\intermediates\\res\\default\\ResourceTable.txt',
  rawFileResource: 'D:\\DevEcoProject\\ads-kit-sample-code-client-demo-arkts\\entry\\build\\default\\intermediates\\res\\default\\resources\\rawfile',
  resourceTableHash: 'd8d3205116ce5c75e7c173dac864a7d774f43693f3f94bbc922bb969d7198347',
  runtimeOS: 'HarmonyOS',
  sdkInfo: 'false:22:6.0.2.130:Release',
  aceModuleRoot: 'D:\\DevEcoProject\\ads-kit-sample-code-client-demo-arkts\\entry\\src\\main\\ets',
  compileMode: 'esmodule',
  aceSuperVisualPath: 'D:\\DevEcoProject\\ads-kit-sample-code-client-demo-arkts\\entry\\src\\main\\supervisual',
  aceBuildJson: 'D:\\DevEcoProject\\ads-kit-sample-code-client-demo-arkts\\entry\\build\\default\\intermediates\\loader\\default\\loader.json',
  cachePath: 'D:\\DevEcoProject\\ads-kit-sample-code-client-demo-arkts\\entry\\build\\default\\cache\\default\\default@CompileArkTS\\esmodule\\debug',
  aceModuleBuild: 'D:\\DevEcoProject\\ads-kit-sample-code-client-demo-arkts\\entry\\build\\default\\intermediates\\loader_out\\default\\ets',
  supportChunks: true,
  declaredFilesPath: undefined,
  shouldCollectDirectImportees: false,
  isByteCodeHarOptimize: false,
  expandImportPath: undefined,
  pkgNameToPkgBriefInfo: {
    entry: {
      pkgRoot: 'D:\\DevEcoProject\\ads-kit-sample-code-client-demo-arkts\\entry',
      originalSourceRoots: undefined,
      sourceRoots: [Array],
      pkgName: 'entry'
    }
  },
  projectModel: {
    'D:\\DevEcoProject\\ads-kit-sample-code-client-demo-arkts\\entry\\src\\main': {
      moduleName: 'entry',
      modulePkgPath: 'D:\\DevEcoProject\\ads-kit-sample-code-client-demo-arkts\\entry',
      belongProjectPath: 'D:\\DevEcoProject\\ads-kit-sample-code-client-demo-arkts'
    },
    'D:\\DevEcoProject\\ads-kit-sample-code-client-demo-arkts\\entry\\.test\\default\\intermediates\\src\\ohosTest\\ets': {
      moduleName: 'entry',
      modulePkgPath: 'D:\\DevEcoProject\\ads-kit-sample-code-client-demo-arkts\\entry',
      belongProjectPath: 'D:\\DevEcoProject\\ads-kit-sample-code-client-demo-arkts'
    },
    'D:\\DevEcoProject\\ads-kit-sample-code-client-demo-arkts\\entry\\src\\ohosTest': {
      moduleName: 'entry',
      modulePkgPath: 'D:\\DevEcoProject\\ads-kit-sample-code-client-demo-arkts\\entry',
      belongProjectPath: 'D:\\DevEcoProject\\ads-kit-sample-code-client-demo-arkts'
    },
    'D:\\DevEcoProject\\ads-kit-sample-code-client-demo-arkts\\entry': {
      moduleName: 'entry',
      modulePkgPath: 'D:\\DevEcoProject\\ads-kit-sample-code-client-demo-arkts\\entry',
      belongProjectPath: 'D:\\DevEcoProject\\ads-kit-sample-code-client-demo-arkts'
    },
    'D:\\DevEcoProject\\ads-kit-sample-code-client-demo-arkts': {
      moduleName: 'ads-kit-sample-code-client-demo-arkts',
      modulePkgPath: 'D:\\DevEcoProject\\ads-kit-sample-code-client-demo-arkts',
      belongProjectPath: 'D:\\DevEcoProject\\ads-kit-sample-code-client-demo-arkts'
    }
  },
  pkgJsonFileHash: 'f550296dda2dfc2ffec20acb6c44aec0ba0994144fe0c7a88bbc366349ceac13',
  allModulePaths: [ 'D:\\DevEcoProject\\ads-kit-sample-code-client-demo-arkts\\entry' ],
  routerMap: {},
  obfuscationOptions: undefined,
  byteCodeHarToDependencyKeys: undefined,
  compileBlockPkg: [],
  mockParams: {
    decorator: '@MockSetup',
    packageName: '@ohos/hamock',
    etsSourceRootPath: 'src/main/ets',
    mockConfigPath: undefined,
    mockConfigKey2ModuleInfo: {},
    source2ModuleIdMap: {}
  },
  copyCodeResourceEnable: true,
  copyCodeResourceExcludes: [],
  copyCodeResourceIncludes: undefined,
  uiTransformOptimization: false,
  sdkPath: 'D:/DevEco Studio/sdk',
  needPreloadSoFileSet: {},
  preloadSoFilePath: 'D:\\DevEcoProject\\ads-kit-sample-code-client-demo-arkts\\entry\\build\\default\\intermediates\\preload\\default\\preload.json',
  useSourceHash: false,
  localModuleParamMap: {},
  otherPaths: {
    'entry/*': [
      '..\\*',
      '..\\..\\..\\build\\default\\generated\\profile\\default\\*'
    ]
  },
  collectImportersConfig: undefined
}
[2026-04-21T17:50:53.108] [DEBUG] debug-file - Compile arkts with external api path: D:\DevEco Studio\sdk\default\hms\ets
[2026-04-21T17:50:53.109] [DEBUG] debug-file - default@CompileArkTS work[0] is submitted.
[2026-04-21T17:50:53.109] [DEBUG] debug-file - default@CompileArkTS work[0] is pushed to ready queue.
[2026-04-21T17:50:53.109] [DEBUG] debug-file - A work dispatched to worker[23] failed because unable to get work from ready queue.
[2026-04-21T17:50:53.110] [DEBUG] debug-file - A work dispatched to worker[22] failed because unable to get work from ready queue.
[2026-04-21T17:50:53.110] [DEBUG] debug-file - A work dispatched to worker[21] failed because unable to get work from ready queue.
[2026-04-21T17:50:53.110] [DEBUG] debug-file - A work dispatched to worker[20] failed because unable to get work from ready queue.
[2026-04-21T17:50:53.110] [DEBUG] debug-file - A work dispatched to worker[19] failed because unable to get work from ready queue.
[2026-04-21T17:50:53.110] [DEBUG] debug-file - A work dispatched to worker[18] failed because unable to get work from ready queue.
[2026-04-21T17:50:53.110] [DEBUG] debug-file - A work dispatched to worker[17] failed because unable to get work from ready queue.
[2026-04-21T17:50:53.110] [DEBUG] debug-file - A work dispatched to worker[16] failed because unable to get work from ready queue.
[2026-04-21T17:50:53.110] [DEBUG] debug-file - A work dispatched to worker[15] failed because unable to get work from ready queue.
[2026-04-21T17:50:53.110] [DEBUG] debug-file - A work dispatched to worker[14] failed because unable to get work from ready queue.
[2026-04-21T17:50:53.110] [DEBUG] debug-file - A work dispatched to worker[13] failed because unable to get work from ready queue.
[2026-04-21T17:50:53.110] [DEBUG] debug-file - A work dispatched to worker[12] failed because unable to get work from ready queue.
[2026-04-21T17:50:53.110] [DEBUG] debug-file - A work dispatched to worker[11] failed because unable to get work from ready queue.
[2026-04-21T17:50:53.110] [DEBUG] debug-file - A work dispatched to worker[10] failed because unable to get work from ready queue.
[2026-04-21T17:50:53.110] [DEBUG] debug-file - A work dispatched to worker[9] failed because unable to get work from ready queue.
[2026-04-21T17:50:53.110] [DEBUG] debug-file - A work dispatched to worker[8] failed because unable to get work from ready queue.
[2026-04-21T17:50:53.110] [DEBUG] debug-file - A work dispatched to worker[7] failed because unable to get work from ready queue.
[2026-04-21T17:50:53.110] [DEBUG] debug-file - A work dispatched to worker[6] failed because unable to get work from ready queue.
[2026-04-21T17:50:53.110] [DEBUG] debug-file - A work dispatched to worker[5] failed because unable to get work from ready queue.
[2026-04-21T17:50:53.110] [DEBUG] debug-file - Create  resident worker with id: 4.
[2026-04-21T17:50:53.111] [DEBUG] debug-file - default@CompileArkTS work[0] has been dispatched to worker[4].
[2026-04-21T17:50:53.111] [DEBUG] debug-file - default@CompileArkTS work[0] is dispatched.
[2026-04-21T17:50:53.111] [DEBUG] debug-file - CopyResources startTime: 2412175996300
[2026-04-21T17:50:53.111] [DEBUG] debug-file - default@CompileArkTS work[1] is submitted.
[2026-04-21T17:50:53.111] [DEBUG] debug-file - default@CompileArkTS work[1] is pushed to ready queue.
[2026-04-21T17:50:53.111] [DEBUG] debug-file - A work dispatched to worker[23] failed because unable to get work from ready queue.
[2026-04-21T17:50:53.111] [DEBUG] debug-file - Create  resident worker with id: 22.
[2026-04-21T17:50:53.112] [DEBUG] debug-file - default@CompileArkTS work[1] has been dispatched to worker[22].
[2026-04-21T17:50:53.112] [DEBUG] debug-file - default@CompileArkTS work[1] is dispatched.
[2026-04-21T17:50:53.112] [DEBUG] debug-file - entry : default@CompileArkTS cost memory 1.9050216674804688
[2026-04-21T17:50:53.113] [DEBUG] debug-file - Executing task :entry:default@BuildJS
[2026-04-21T17:50:53.113] [DEBUG] debug-file - Task 'entry:default@BuildJS' cost while wrapping incremental declarations: 1 ms 
[2026-04-21T17:50:53.114] [DEBUG] debug-file - entry : default@BuildJS cost memory 0.15535736083984375
[2026-04-21T17:50:53.115] [DEBUG] debug-file - runTaskFromQueue task cost before running: 2 s 303 ms 
[2026-04-21T17:50:53.115] [INFO] debug-file - Finished :entry:default@BuildJS... after 2 ms 
[2026-04-21T17:50:53.115] [DEBUG] debug-file - Executing task :entry:default@CacheNativeLibs
[2026-04-21T17:50:53.116] [DEBUG] debug-file - Task 'entry:default@CacheNativeLibs' cost while wrapping incremental declarations: 1 ms 
[2026-04-21T17:50:53.116] [DEBUG] debug-file - default@CacheNativeLibs work[2] is submitted.
[2026-04-21T17:50:53.116] [DEBUG] debug-file - default@CacheNativeLibs work[2] is pushed to ready queue.
[2026-04-21T17:50:53.116] [DEBUG] debug-file - A work dispatched to worker[23] failed because unable to get work from ready queue.
[2026-04-21T17:50:53.116] [DEBUG] debug-file - A work dispatched to worker[22] failed because of worker busy.
[2026-04-21T17:50:53.116] [DEBUG] debug-file - Create  resident worker with id: 21.
[2026-04-21T17:50:53.117] [DEBUG] debug-file - default@CacheNativeLibs work[2] has been dispatched to worker[21].
[2026-04-21T17:50:53.117] [DEBUG] debug-file - default@CacheNativeLibs work[2] is dispatched.
[2026-04-21T17:50:53.117] [DEBUG] debug-file - entry : default@CacheNativeLibs cost memory 0.150726318359375
[2026-04-21T17:50:53.845] [DEBUG] debug-file - worker[22] has one work done.
[2026-04-21T17:50:53.845] [DEBUG] debug-file - CopyResources is end, endTime: 2412909927100
[2026-04-21T17:50:53.845] [DEBUG] debug-file - default@CompileArkTS work[1] done.
[2026-04-21T17:50:53.845] [DEBUG] debug-file - A work dispatched to worker[22] failed because unable to get work from ready queue.
[2026-04-21T17:50:53.909] [DEBUG] debug-file - worker[21] has one work done.
[2026-04-21T17:50:53.909] [DEBUG] debug-file - default@CacheNativeLibs work[2] done.
[2026-04-21T17:50:53.909] [DEBUG] debug-file - A work dispatched to worker[21] failed because unable to get work from ready queue.
[2026-04-21T17:50:53.910] [INFO] debug-file - Finished :entry:default@CacheNativeLibs... after 9 ms 
[2026-04-21T17:50:58.418] [DEBUG] debug-file - worker[4] has one work done.
[2026-04-21T17:50:58.418] [DEBUG] debug-file - Ark compile task finished.finished time is 2417482650100
[2026-04-21T17:50:58.419] [DEBUG] debug-file - default@CompileArkTS work[0] done.
[2026-04-21T17:50:58.419] [DEBUG] debug-file - A work dispatched to worker[4] failed because unable to get work from ready queue.
[2026-04-21T17:50:58.420] [INFO] debug-file - Finished :entry:default@CompileArkTS... after 3 s 633 ms 
[2026-04-21T17:50:58.421] [DEBUG] debug-file - Executing task :entry:default@GeneratePkgModuleJson
[2026-04-21T17:50:58.421] [DEBUG] debug-file - File: 'D:\DevEcoProject\ads-kit-sample-code-client-demo-arkts\entry\build\default\intermediates\preload\default\preload.json' from 'preloadSoJsonPath' is not exists, just ignore.
[2026-04-21T17:50:58.421] [DEBUG] debug-file - Error occurs while handling @Input 'shouldDeduplicateHar': The "data" argument must be of type string or an instance of Buffer, TypedArray, or DataView. Received undefined
[2026-04-21T17:50:58.421] [DEBUG] debug-file - Task 'entry:default@GeneratePkgModuleJson' cost while wrapping incremental declarations: 1 ms 
[2026-04-21T17:50:58.423] [DEBUG] debug-file - entry : default@GeneratePkgModuleJson cost memory 0.1670379638671875
[2026-04-21T17:50:58.423] [DEBUG] debug-file - runTaskFromQueue task cost before running: 7 s 611 ms 
[2026-04-21T17:50:58.423] [INFO] debug-file - Finished :entry:default@GeneratePkgModuleJson... after 3 ms 
[2026-04-21T17:50:58.423] [DEBUG] debug-file - Executing task :entry:default@ProcessCompiledResources
[2026-04-21T17:50:58.424] [DEBUG] debug-file - File: 'D:\DevEcoProject\ads-kit-sample-code-client-demo-arkts\entry\build\default\intermediates\preload\default\preload.json' from 'preloadSoJsonPath' is not exists, just ignore.
[2026-04-21T17:50:58.424] [DEBUG] debug-file - Task 'entry:default@ProcessCompiledResources' cost while wrapping incremental declarations: 1 ms 
[2026-04-21T17:50:58.424] [DEBUG] debug-file - entry : default@ProcessCompiledResources cost memory 0.05872344970703125
[2026-04-21T17:50:58.424] [DEBUG] debug-file - runTaskFromQueue task cost before running: 7 s 612 ms 
[2026-04-21T17:50:58.424] [INFO] debug-file - Finished :entry:default@ProcessCompiledResources... after 1 ms 
[2026-04-21T17:50:58.426] [DEBUG] debug-file - Executing task :entry:default@PackageHap
[2026-04-21T17:50:58.428] [DEBUG] debug-file - Use tool [D:\DevEco Studio\sdk\default\openharmony\toolchains\lib\app_packing_tool.jar]
 [
  'java',
  '-Dfile.encoding=GBK',
  '-jar',
  'D:\\DevEco Studio\\sdk\\default\\openharmony\\toolchains\\lib\\app_packing_tool.jar',
  '--mode',
  'hap',
  '--force',
  'true',
  '--lib-path',
  'D:\\DevEcoProject\\ads-kit-sample-code-client-demo-arkts\\entry\\build\\default\\intermediates\\stripped_native_libs\\default',
  '--json-path',
  'D:\\DevEcoProject\\ads-kit-sample-code-client-demo-arkts\\entry\\build\\default\\intermediates\\package\\default\\module.json',
  '--resources-path',
  'D:\\DevEcoProject\\ads-kit-sample-code-client-demo-arkts\\entry\\build\\default\\intermediates\\res\\default\\resources',
  '--index-path',
  'D:\\DevEcoProject\\ads-kit-sample-code-client-demo-arkts\\entry\\build\\default\\intermediates\\res\\default\\resources.index',
  '--pack-info-path',
  'D:\\DevEcoProject\\ads-kit-sample-code-client-demo-arkts\\entry\\build\\default\\outputs\\default\\pack.info',
  '--out-path',
  'D:\\DevEcoProject\\ads-kit-sample-code-client-demo-arkts\\entry\\build\\default\\outputs\\default\\entry-default-unsigned.hap',
  '--ets-path',
  'D:\\DevEcoProject\\ads-kit-sample-code-client-demo-arkts\\entry\\build\\default\\intermediates\\loader_out\\default\\ets'
]
[2026-04-21T17:50:58.720] [DEBUG] debug-file - java daemon socket received message:{"code":0,"message":"pack success"}
[2026-04-21T17:50:58.726] [DEBUG] debug-file - entry : default@PackageHap cost memory 0.595947265625
[2026-04-21T17:50:58.726] [DEBUG] debug-file - runTaskFromQueue task cost before running: 7 s 914 ms 
[2026-04-21T17:50:58.727] [INFO] debug-file - Finished :entry:default@PackageHap... after 301 ms 
[2026-04-21T17:50:58.729] [DEBUG] debug-file - Executing task :entry:default@PackingCheck
[2026-04-21T17:50:58.739] [DEBUG] debug-file - entry : default@PackingCheck cost memory 0.4777984619140625
[2026-04-21T17:50:58.739] [DEBUG] debug-file - runTaskFromQueue task cost before running: 7 s 927 ms 
[2026-04-21T17:50:58.739] [INFO] debug-file - Finished :entry:default@PackingCheck... after 10 ms 
[2026-04-21T17:50:58.741] [DEBUG] debug-file - Executing task :entry:default@SignHap
[2026-04-21T17:50:58.741] [WARN] debug-file - Will skip sign 'hos_hap'. No signingConfigs profile is configured in current project.
             If needed, configure the signingConfigs in D:\DevEcoProject\ads-kit-sample-code-client-demo-arkts\build-profile.json5.
[2026-04-21T17:50:58.743] [DEBUG] debug-file - entry : default@SignHap cost memory 0.05588531494140625
[2026-04-21T17:50:58.743] [DEBUG] debug-file - runTaskFromQueue task cost before running: 7 s 931 ms 
[2026-04-21T17:50:58.743] [INFO] debug-file - Finished :entry:default@SignHap... after 2 ms 
[2026-04-21T17:50:58.745] [DEBUG] debug-file - Executing task :entry:default@CollectDebugSymbol
[2026-04-21T17:50:58.746] [DEBUG] debug-file - entry : default@CollectDebugSymbol cost memory 0.08929443359375
[2026-04-21T17:50:58.746] [DEBUG] debug-file - runTaskFromQueue task cost before running: 7 s 934 ms 
[2026-04-21T17:50:58.747] [INFO] debug-file - Finished :entry:default@CollectDebugSymbol... after 2 ms 
[2026-04-21T17:50:58.747] [DEBUG] debug-file - Executing task :entry:assembleHap
[2026-04-21T17:50:58.747] [DEBUG] debug-file - entry : assembleHap cost memory 0.1475372314453125
[2026-04-21T17:50:58.747] [DEBUG] debug-file - runTaskFromQueue task cost before running: 7 s 936 ms 
[2026-04-21T17:50:58.748] [INFO] debug-file - Finished :entry:assembleHap... after 1 ms 
[2026-04-21T17:50:58.758] [INFO] debug-file - BUILD SUCCESSFUL in 7 s 946 ms 
[2026-04-21T17:50:58.760] [DEBUG] debug-file - Update task entry:default@PreBuild input file:D:\DevEcoProject\ads-kit-sample-code-client-demo-arkts\AppScope\app.json5 cache by regenerate.
[2026-04-21T17:50:58.760] [DEBUG] debug-file - Update task entry:default@PreBuild input file:D:\DevEcoProject\ads-kit-sample-code-client-demo-arkts\entry\src\main\module.json5 cache by regenerate.
[2026-04-21T17:50:58.760] [DEBUG] debug-file - Update task entry:default@PreBuild input file:D:\DevEcoProject\ads-kit-sample-code-client-demo-arkts\build-profile.json5 cache by regenerate.
[2026-04-21T17:50:58.761] [DEBUG] debug-file - Update task entry:default@PreBuild input file:D:\DevEcoProject\ads-kit-sample-code-client-demo-arkts\entry\build-profile.json5 cache by regenerate.
[2026-04-21T17:50:58.761] [DEBUG] debug-file - Update task entry:default@PreBuild input file:D:\DevEcoProject\ads-kit-sample-code-client-demo-arkts\entry\src\main\resources\base\profile\main_pages.json cache by regenerate.
[2026-04-21T17:50:58.761] [DEBUG] debug-file - Update task entry:default@PreBuild input file:D:\DevEcoProject\ads-kit-sample-code-client-demo-arkts\hvigor\hvigor-config.json5 cache by regenerate.
[2026-04-21T17:50:58.761] [DEBUG] debug-file - Update task entry:default@PreBuild input file:D:\DevEcoProject\ads-kit-sample-code-client-demo-arkts\entry\oh-package.json5 cache by regenerate.
[2026-04-21T17:50:58.761] [DEBUG] debug-file - Update task entry:default@PreBuild input file:D:\DevEcoProject\ads-kit-sample-code-client-demo-arkts\oh-package.json5 cache by regenerate.
[2026-04-21T17:50:58.762] [DEBUG] debug-file - Incremental task entry:default@PreBuild post-execution cost:3 ms .
[2026-04-21T17:50:58.762] [DEBUG] debug-file - Update task entry:default@CreateModuleInfo output file:D:\DevEcoProject\ads-kit-sample-code-client-demo-arkts\entry\build\default\generated\profile\default\ModuleInfo.ts cache.
[2026-04-21T17:50:58.762] [DEBUG] debug-file - Incremental task entry:default@CreateModuleInfo post-execution cost:1 ms .
[2026-04-21T17:50:58.763] [DEBUG] debug-file - Update task entry:default@GenerateMetadata input file:D:\DevEcoProject\ads-kit-sample-code-client-demo-arkts\entry\src\main\module.json5 cache by regenerate.
[2026-04-21T17:50:58.763] [DEBUG] debug-file - Update task entry:default@GenerateMetadata output file:D:\DevEcoProject\ads-kit-sample-code-client-demo-arkts\entry\build\default\intermediates\hap_metadata\default\output_metadata.json cache.
[2026-04-21T17:50:58.763] [DEBUG] debug-file - Incremental task entry:default@GenerateMetadata post-execution cost:1 ms .
[2026-04-21T17:50:58.763] [DEBUG] debug-file - Update task entry:default@MergeProfile input file:D:\DevEcoProject\ads-kit-sample-code-client-demo-arkts\AppScope\app.json5 cache by regenerate.
[2026-04-21T17:50:58.763] [DEBUG] debug-file - Update task entry:default@MergeProfile input file:D:\DevEcoProject\ads-kit-sample-code-client-demo-arkts\build-profile.json5 cache by regenerate.
[2026-04-21T17:50:58.763] [DEBUG] debug-file - Update task entry:default@MergeProfile input file:D:\DevEcoProject\ads-kit-sample-code-client-demo-arkts\entry\src\main\module.json5 cache by regenerate.
[2026-04-21T17:50:58.763] [DEBUG] debug-file - Update task entry:default@MergeProfile output file:D:\DevEcoProject\ads-kit-sample-code-client-demo-arkts\entry\build\default\intermediates\merge_profile\default\module.json cache.
[2026-04-21T17:50:58.764] [DEBUG] debug-file - Incremental task entry:default@MergeProfile post-execution cost:1 ms .
[2026-04-21T17:50:58.764] [DEBUG] debug-file - Update task entry:default@CreateBuildProfile input file:D:\DevEcoProject\ads-kit-sample-code-client-demo-arkts\AppScope\app.json5 cache by regenerate.
[2026-04-21T17:50:58.764] [DEBUG] debug-file - Update task entry:default@CreateBuildProfile input file:D:\DevEcoProject\ads-kit-sample-code-client-demo-arkts\build-profile.json5 cache by regenerate.
[2026-04-21T17:50:58.764] [DEBUG] debug-file - Update task entry:default@CreateBuildProfile output file:D:\DevEcoProject\ads-kit-sample-code-client-demo-arkts\entry\build\default\generated\profile\default\BuildProfile.ets cache.
[2026-04-21T17:50:58.764] [DEBUG] debug-file - Incremental task entry:default@CreateBuildProfile post-execution cost:1 ms .
[2026-04-21T17:50:58.764] [DEBUG] debug-file - Update task entry:default@GeneratePkgContextInfo output file:D:\DevEcoProject\ads-kit-sample-code-client-demo-arkts\entry\build\default\intermediates\loader\default\pkgContextInfo.json cache.
[2026-04-21T17:50:58.764] [DEBUG] debug-file - Incremental task entry:default@GeneratePkgContextInfo post-execution cost:1 ms .
[2026-04-21T17:50:58.764] [DEBUG] debug-file - Update task entry:default@ProcessIntegratedHsp output file:D:\DevEcoProject\ads-kit-sample-code-client-demo-arkts\build\cache\default\integrated_hsp\integratedHspCache.json cache.
[2026-04-21T17:50:58.765] [DEBUG] debug-file - Incremental task entry:default@ProcessIntegratedHsp post-execution cost:1 ms .
[2026-04-21T17:50:58.765] [DEBUG] debug-file - Update task entry:default@MakePackInfo input file:D:\DevEcoProject\ads-kit-sample-code-client-demo-arkts\AppScope\app.json5 cache by regenerate.
[2026-04-21T17:50:58.765] [DEBUG] debug-file - Update task entry:default@MakePackInfo input file:D:\DevEcoProject\ads-kit-sample-code-client-demo-arkts\entry\src\main\module.json5 cache by regenerate.
[2026-04-21T17:50:58.765] [DEBUG] debug-file - Update task entry:default@MakePackInfo input file:D:\DevEcoProject\ads-kit-sample-code-client-demo-arkts\build-profile.json5 cache by regenerate.
[2026-04-21T17:50:58.765] [DEBUG] debug-file - Update task entry:default@MakePackInfo output file:D:\DevEcoProject\ads-kit-sample-code-client-demo-arkts\entry\build\default\outputs\default\pack.info cache.
[2026-04-21T17:50:58.765] [DEBUG] debug-file - Incremental task entry:default@MakePackInfo post-execution cost:1 ms .
[2026-04-21T17:50:58.765] [DEBUG] debug-file - Update task entry:default@SyscapTransform input file:D:\DevEco Studio\sdk\default\openharmony\toolchains\syscap_tool.exe cache by regenerate.
[2026-04-21T17:50:58.765] [DEBUG] debug-file - Update task entry:default@SyscapTransform input file:D:\DevEco Studio\sdk\default\openharmony\ets\api\device-define cache by regenerate.
[2026-04-21T17:50:58.766] [DEBUG] debug-file - Update task entry:default@SyscapTransform output file:D:\DevEcoProject\ads-kit-sample-code-client-demo-arkts\entry\build\default\intermediates\syscap\default\rpcid.sc cache.
[2026-04-21T17:50:58.767] [DEBUG] debug-file - Incremental task entry:default@SyscapTransform post-execution cost:2 ms .
[2026-04-21T17:50:58.767] [DEBUG] debug-file - Update task entry:default@ProcessProfile input file:D:\DevEcoProject\ads-kit-sample-code-client-demo-arkts\entry\build\default\intermediates\merge_profile\default\module.json cache by regenerate.
[2026-04-21T17:50:58.767] [DEBUG] debug-file - Update task entry:default@ProcessProfile output file:D:\DevEcoProject\ads-kit-sample-code-client-demo-arkts\entry\build\default\intermediates\process_profile\default\module.json cache.
[2026-04-21T17:50:58.768] [DEBUG] debug-file - Incremental task entry:default@ProcessProfile post-execution cost:1 ms .
[2026-04-21T17:50:58.768] [DEBUG] debug-file - Update task entry:default@ProcessRouterMap input file:D:\DevEcoProject\ads-kit-sample-code-client-demo-arkts\entry\oh-package.json5 cache by regenerate.
[2026-04-21T17:50:58.768] [DEBUG] debug-file - Update task entry:default@ProcessRouterMap input file:D:\DevEcoProject\ads-kit-sample-code-client-demo-arkts\oh-package.json5 cache by regenerate.
[2026-04-21T17:50:58.769] [DEBUG] debug-file - Update task entry:default@ProcessRouterMap input file:D:\DevEcoProject\ads-kit-sample-code-client-demo-arkts\entry\src\main\module.json5 cache by regenerate.
[2026-04-21T17:50:58.769] [DEBUG] debug-file - Update task entry:default@ProcessRouterMap output file:D:\DevEcoProject\ads-kit-sample-code-client-demo-arkts\entry\build\default\intermediates\router_map\default\temp-router-map.json cache.
[2026-04-21T17:50:58.769] [DEBUG] debug-file - Update task entry:default@ProcessRouterMap output file:D:\DevEcoProject\ads-kit-sample-code-client-demo-arkts\entry\build\default\intermediates\router_map\default\loader-router-map.json cache.
[2026-04-21T17:50:58.769] [DEBUG] debug-file - Incremental task entry:default@ProcessRouterMap post-execution cost:2 ms .
[2026-04-21T17:50:58.769] [DEBUG] debug-file - Update task entry:default@ProcessShareConfig input file:D:\DevEcoProject\ads-kit-sample-code-client-demo-arkts\entry\oh-package.json5 cache by regenerate.
[2026-04-21T17:50:58.769] [DEBUG] debug-file - Update task entry:default@ProcessShareConfig input file:D:\DevEcoProject\ads-kit-sample-code-client-demo-arkts\oh-package.json5 cache by regenerate.
[2026-04-21T17:50:58.769] [DEBUG] debug-file - Update task entry:default@ProcessShareConfig input file:D:\DevEcoProject\ads-kit-sample-code-client-demo-arkts\entry\src\main\module.json5 cache by regenerate.
[2026-04-21T17:50:58.770] [DEBUG] debug-file - Update task entry:default@ProcessShareConfig output file:D:\DevEcoProject\ads-kit-sample-code-client-demo-arkts\entry\build\default\intermediates\share_config\default\temp-share-config.json cache.
[2026-04-21T17:50:58.770] [DEBUG] debug-file - Incremental task entry:default@ProcessShareConfig post-execution cost:1 ms .
[2026-04-21T17:50:58.770] [DEBUG] debug-file - Update task entry:default@ProcessStartupConfig output file:D:\DevEcoProject\ads-kit-sample-code-client-demo-arkts\entry\build\default\intermediates\startup\default\startup_config.json cache.
[2026-04-21T17:50:58.770] [DEBUG] debug-file - Incremental task entry:default@ProcessStartupConfig post-execution cost:1 ms .
[2026-04-21T17:50:58.770] [DEBUG] debug-file - Update task entry:default@ProcessResource output file:D:\DevEcoProject\ads-kit-sample-code-client-demo-arkts\entry\build\default\intermediates\res\default\resConfig.json cache.
[2026-04-21T17:50:58.770] [DEBUG] debug-file - Update task entry:default@ProcessResource output file:D:\DevEcoProject\ads-kit-sample-code-client-demo-arkts\entry\build\default\intermediates\res\default\opt-compression.json cache.
[2026-04-21T17:50:58.770] [DEBUG] debug-file - Incremental task entry:default@ProcessResource post-execution cost:1 ms .
[2026-04-21T17:50:58.771] [DEBUG] debug-file - Update task entry:default@GenerateLoaderJson input file:D:\DevEcoProject\ads-kit-sample-code-client-demo-arkts\entry\build\default\intermediates\router_map\default\temp-router-map.json cache by regenerate.
[2026-04-21T17:50:58.771] [DEBUG] debug-file - Update task entry:default@GenerateLoaderJson output file:D:\DevEcoProject\ads-kit-sample-code-client-demo-arkts\entry\build\default\intermediates\loader\default\loader.json cache.
[2026-04-21T17:50:58.771] [DEBUG] debug-file - Incremental task entry:default@GenerateLoaderJson post-execution cost:1 ms .
[2026-04-21T17:50:58.771] [DEBUG] debug-file - Update task entry:default@ProcessLibs input file:D:\DevEcoProject\ads-kit-sample-code-client-demo-arkts\build-profile.json5 cache by regenerate.
[2026-04-21T17:50:58.771] [DEBUG] debug-file - Update task entry:default@ProcessLibs input file:D:\DevEcoProject\ads-kit-sample-code-client-demo-arkts\entry\build-profile.json5 cache by regenerate.
[2026-04-21T17:50:58.771] [DEBUG] debug-file - Update task entry:default@ProcessLibs output file:D:\DevEcoProject\ads-kit-sample-code-client-demo-arkts\entry\build\default\intermediates\libs\default cache.
[2026-04-21T17:50:58.771] [DEBUG] debug-file - Incremental task entry:default@ProcessLibs post-execution cost:1 ms .
[2026-04-21T17:50:58.772] [DEBUG] debug-file - Update task entry:default@CompileResource input file:D:\DevEcoProject\ads-kit-sample-code-client-demo-arkts\entry\src\main\resources cache by regenerate.
[2026-04-21T17:50:58.774] [DEBUG] debug-file - Update task entry:default@CompileResource input file:D:\DevEcoProject\ads-kit-sample-code-client-demo-arkts\AppScope\resources cache by regenerate.
[2026-04-21T17:50:58.776] [DEBUG] debug-file - Update task entry:default@CompileResource input file:D:\DevEcoProject\ads-kit-sample-code-client-demo-arkts\entry\build\default\intermediates\process_profile\default\module.json cache by regenerate.
[2026-04-21T17:50:58.776] [DEBUG] debug-file - Update task entry:default@CompileResource input file:D:\DevEcoProject\ads-kit-sample-code-client-demo-arkts\entry\build\default\intermediates\res\default\resConfig.json cache by regenerate.
[2026-04-21T17:50:58.776] [DEBUG] debug-file - Update task entry:default@CompileResource output file:D:\DevEcoProject\ads-kit-sample-code-client-demo-arkts\entry\build\default\intermediates\res\default cache.
[2026-04-21T17:50:58.781] [DEBUG] debug-file - Update task entry:default@CompileResource output file:D:\DevEcoProject\ads-kit-sample-code-client-demo-arkts\entry\build\default\generated\r\default\ResourceTable.h cache.
[2026-04-21T17:50:58.781] [DEBUG] debug-file - Update task entry:default@CompileResource output file:D:\DevEcoProject\ads-kit-sample-code-client-demo-arkts\entry\build\default\generated\r\default cache.
[2026-04-21T17:50:58.782] [DEBUG] debug-file - Incremental task entry:default@CompileResource post-execution cost:11 ms .
[2026-04-21T17:50:58.782] [DEBUG] debug-file - Update task entry:default@DoNativeStrip input file:D:\DevEcoProject\ads-kit-sample-code-client-demo-arkts\entry\build\default\intermediates\libs\default cache by regenerate.
[2026-04-21T17:50:58.783] [DEBUG] debug-file - Update task entry:default@DoNativeStrip output file:D:\DevEcoProject\ads-kit-sample-code-client-demo-arkts\entry\build\default\intermediates\stripped_native_libs\default cache.
[2026-04-21T17:50:58.783] [DEBUG] debug-file - Incremental task entry:default@DoNativeStrip post-execution cost:1 ms .
[2026-04-21T17:50:58.785] [DEBUG] debug-file - Update task entry:default@CompileArkTS input file:D:\DevEcoProject\ads-kit-sample-code-client-demo-arkts\entry\build\default\intermediates\loader\default cache by regenerate.
[2026-04-21T17:50:58.785] [DEBUG] debug-file - Update task entry:default@CompileArkTS input file:D:\DevEcoProject\ads-kit-sample-code-client-demo-arkts\entry\build\default\intermediates\res\default\resources\rawfile cache by regenerate.
[2026-04-21T17:50:58.786] [DEBUG] debug-file - Update task entry:default@CompileArkTS input file:D:\DevEcoProject\ads-kit-sample-code-client-demo-arkts\entry\build\default\intermediates\res\default\ResourceTable.txt cache by regenerate.
[2026-04-21T17:50:58.786] [DEBUG] debug-file - Update task entry:default@CompileArkTS input file:D:\DevEcoProject\ads-kit-sample-code-client-demo-arkts\entry\build\default\intermediates\res\default\ark_module.json cache by regenerate.
[2026-04-21T17:50:58.786] [DEBUG] debug-file - Update task entry:default@CompileArkTS input file:D:\DevEcoProject\ads-kit-sample-code-client-demo-arkts\entry\build\default\intermediates\res\default\resources\base\profile cache by regenerate.
[2026-04-21T17:50:58.787] [DEBUG] debug-file - Update task entry:default@CompileArkTS input file:D:\DevEcoProject\ads-kit-sample-code-client-demo-arkts\entry\src\main\ets cache by regenerate.
[2026-04-21T17:50:58.789] [DEBUG] debug-file - Update task entry:default@CompileArkTS input file:D:\DevEcoProject\ads-kit-sample-code-client-demo-arkts\entry\build\default\generated\profile\default\BuildProfile.ets cache by regenerate.
[2026-04-21T17:50:58.790] [DEBUG] debug-file - Update task entry:default@CompileArkTS output file:D:\DevEcoProject\ads-kit-sample-code-client-demo-arkts\entry\build\default\intermediates\loader_out\default\ets cache.
[2026-04-21T17:50:58.790] [DEBUG] debug-file - Incremental task entry:default@CompileArkTS post-execution cost:7 ms .
[2026-04-21T17:50:58.790] [DEBUG] debug-file - Update task entry:default@BuildJS input file:D:\DevEcoProject\ads-kit-sample-code-client-demo-arkts\entry\build\default\intermediates\loader\default cache by regenerate.
[2026-04-21T17:50:58.791] [DEBUG] debug-file - Update task entry:default@BuildJS input file:D:\DevEcoProject\ads-kit-sample-code-client-demo-arkts\entry\build\default\intermediates\res\default\resources\rawfile cache by regenerate.
[2026-04-21T17:50:58.791] [DEBUG] debug-file - Update task entry:default@BuildJS input file:D:\DevEcoProject\ads-kit-sample-code-client-demo-arkts\entry\build\default\intermediates\res\default\ResourceTable.txt cache by regenerate.
[2026-04-21T17:50:58.791] [DEBUG] debug-file - Update task entry:default@BuildJS input file:D:\DevEcoProject\ads-kit-sample-code-client-demo-arkts\entry\build\default\intermediates\res\default\ark_module.json cache by regenerate.
[2026-04-21T17:50:58.791] [DEBUG] debug-file - Update task entry:default@BuildJS input file:D:\DevEcoProject\ads-kit-sample-code-client-demo-arkts\entry\build\default\intermediates\res\default\resources\base\profile cache by regenerate.
[2026-04-21T17:50:58.791] [DEBUG] debug-file - Update task entry:default@BuildJS output file:D:\DevEcoProject\ads-kit-sample-code-client-demo-arkts\entry\build\default\intermediates\loader_out\default\js cache.
[2026-04-21T17:50:58.792] [DEBUG] debug-file - Incremental task entry:default@BuildJS post-execution cost:2 ms .
[2026-04-21T17:50:58.792] [DEBUG] debug-file - Update task entry:default@CacheNativeLibs input file:D:\DevEcoProject\ads-kit-sample-code-client-demo-arkts\entry\build\default\intermediates\stripped_native_libs\default cache by regenerate.
[2026-04-21T17:50:58.792] [DEBUG] debug-file - Update task entry:default@CacheNativeLibs input file:D:\DevEcoProject\ads-kit-sample-code-client-demo-arkts\entry\build\default\intermediates\libs\default cache by regenerate.
[2026-04-21T17:50:58.792] [DEBUG] debug-file - Update task entry:default@CacheNativeLibs output file:D:\DevEcoProject\ads-kit-sample-code-client-demo-arkts\entry\build\default\intermediates\patch\default\base_native_libs.json cache.
[2026-04-21T17:50:58.792] [DEBUG] debug-file - Incremental task entry:default@CacheNativeLibs post-execution cost:1 ms .
[2026-04-21T17:50:58.792] [DEBUG] debug-file - Update task entry:default@GeneratePkgModuleJson input file:D:\DevEcoProject\ads-kit-sample-code-client-demo-arkts\entry\build\default\intermediates\res\default\module.json cache by regenerate.
[2026-04-21T17:50:58.792] [DEBUG] debug-file - Update task entry:default@GeneratePkgModuleJson output file:D:\DevEcoProject\ads-kit-sample-code-client-demo-arkts\entry\build\default\intermediates\package\default\module.json cache.
[2026-04-21T17:50:58.792] [DEBUG] debug-file - Incremental task entry:default@GeneratePkgModuleJson post-execution cost:1 ms .
[2026-04-21T17:50:58.792] [DEBUG] debug-file - Incremental task entry:default@ProcessCompiledResources post-execution cost:1 ms .
[2026-04-21T17:50:58.793] [DEBUG] debug-file - Update task entry:default@PackageHap input file:D:\DevEcoProject\ads-kit-sample-code-client-demo-arkts\entry\build\default\intermediates\stripped_native_libs\default cache by regenerate.
[2026-04-21T17:50:58.793] [DEBUG] debug-file - Update task entry:default@PackageHap input file:D:\DevEcoProject\ads-kit-sample-code-client-demo-arkts\entry\build\default\intermediates\res\default\module.json cache by regenerate.
[2026-04-21T17:50:58.793] [DEBUG] debug-file - Update task entry:default@PackageHap input file:D:\DevEcoProject\ads-kit-sample-code-client-demo-arkts\entry\build\default\intermediates\res\default\resources cache by regenerate.
[2026-04-21T17:50:58.796] [DEBUG] debug-file - Update task entry:default@PackageHap input file:D:\DevEcoProject\ads-kit-sample-code-client-demo-arkts\entry\build\default\intermediates\res\default\resources.index cache by regenerate.
[2026-04-21T17:50:58.796] [DEBUG] debug-file - Update task entry:default@PackageHap input file:D:\DevEcoProject\ads-kit-sample-code-client-demo-arkts\entry\build\default\outputs\default\pack.info cache by regenerate.
[2026-04-21T17:50:58.796] [DEBUG] debug-file - Update task entry:default@PackageHap input file:D:\DevEcoProject\ads-kit-sample-code-client-demo-arkts\entry\build\default\intermediates\loader_out\default\ets cache by regenerate.
[2026-04-21T17:50:58.797] [DEBUG] debug-file - Update task entry:default@PackageHap input file:D:\DevEcoProject\ads-kit-sample-code-client-demo-arkts\entry\build\default\intermediates\loader_out\default\ets\sourceMaps.map cache by regenerate.
[2026-04-21T17:50:58.797] [DEBUG] debug-file - Update task entry:default@PackageHap input file:D:\DevEcoProject\ads-kit-sample-code-client-demo-arkts\entry\build\default\generated\profile\default\BuildProfile.ets cache by regenerate.
[2026-04-21T17:50:58.798] [DEBUG] debug-file - Update task entry:default@PackageHap output file:D:\DevEcoProject\ads-kit-sample-code-client-demo-arkts\entry\build\default\outputs\default\entry-default-unsigned.hap cache.
[2026-04-21T17:50:58.798] [DEBUG] debug-file - Update task entry:default@PackageHap output file:D:\DevEcoProject\ads-kit-sample-code-client-demo-arkts\entry\build\default\intermediates\source_map\default\sourceMaps.map cache.
[2026-04-21T17:50:58.798] [DEBUG] debug-file - Update task entry:default@PackageHap output file:D:\DevEcoProject\ads-kit-sample-code-client-demo-arkts\entry\build\default\outputs\default\mapping\sourceMaps.map cache.
[2026-04-21T17:50:58.799] [DEBUG] debug-file - Incremental task entry:default@PackageHap post-execution cost:7 ms .
[2026-04-21T17:50:58.799] [DEBUG] debug-file - Update task entry:default@SignHap input file:D:\DevEcoProject\ads-kit-sample-code-client-demo-arkts\entry\build\default\outputs\default\entry-default-unsigned.hap cache by regenerate.
[2026-04-21T17:50:58.799] [DEBUG] debug-file - Update task entry:default@SignHap output file:D:\DevEcoProject\ads-kit-sample-code-client-demo-arkts\entry\build\default\outputs\default\entry-default-signed.hap cache.
[2026-04-21T17:50:58.800] [DEBUG] debug-file - Incremental task entry:default@SignHap post-execution cost:1 ms .
[2026-04-21T17:50:58.800] [DEBUG] debug-file - Update task entry:default@CollectDebugSymbol input file:D:\DevEcoProject\ads-kit-sample-code-client-demo-arkts\entry\build\default\intermediates\loader_out\default\ets\sourceMaps.map cache by regenerate.
[2026-04-21T17:50:58.800] [DEBUG] debug-file - Update task entry:default@CollectDebugSymbol input file:D:\DevEcoProject\ads-kit-sample-code-client-demo-arkts\entry\build\default\intermediates\libs\default cache by regenerate.
[2026-04-21T17:50:58.800] [DEBUG] debug-file - Update task entry:default@CollectDebugSymbol output file:D:\DevEcoProject\ads-kit-sample-code-client-demo-arkts\entry\build\default\outputs\default\symbol cache.
[2026-04-21T17:50:58.800] [DEBUG] debug-file - Incremental task entry:default@CollectDebugSymbol post-execution cost:1 ms .
[2026-04-21T17:50:58.823] [DEBUG] debug-file - Cleanup worker 0.
[2026-04-21T17:50:58.823] [DEBUG] debug-file - Worker 0 has been cleaned up.
[2026-04-21T17:50:58.823] [DEBUG] debug-file - Current idle worker size: 4.
[2026-04-21T17:50:58.823] [DEBUG] debug-file - Current resident worker size: 5.
[2026-04-21T17:50:58.824] [DEBUG] debug-file - Cleanup worker 1.
[2026-04-21T17:50:58.824] [DEBUG] debug-file - Worker 1 has been cleaned up.
[2026-04-21T17:50:58.824] [DEBUG] debug-file - Current idle worker size: 3.
[2026-04-21T17:50:58.824] [DEBUG] debug-file - Current resident worker size: 5.
[2026-04-21T17:50:58.824] [DEBUG] debug-file - Cleanup worker 22.
[2026-04-21T17:50:58.824] [DEBUG] debug-file - Worker 22 has been cleaned up.
[2026-04-21T17:50:58.824] [DEBUG] debug-file - Current idle worker size: 2.
[2026-04-21T17:50:58.824] [DEBUG] debug-file - Current resident worker size: 5.
[2026-04-21T17:50:58.825] [DEBUG] debug-file - Cleanup worker 21.
[2026-04-21T17:50:58.825] [DEBUG] debug-file - Worker 21 has been cleaned up.
[2026-04-21T17:50:58.825] [DEBUG] debug-file - Current idle worker size: 1.
[2026-04-21T17:50:58.825] [DEBUG] debug-file - Current resident worker size: 5.
[2026-04-21T17:50:58.829] [DEBUG] debug-file - session manager: send message to worker process.
[2026-04-21T17:50:58.829] [DEBUG] debug-file - session manager: send message to worker process.
[2026-04-21T17:50:58.826] [DEBUG] debug-file - hvigor build process will be closed.
[2026-04-21T17:50:58.827] [DEBUG] debug-file - java daemon socket close code:1000 reason:close by user
[2026-04-21T17:50:58.829] [DEBUG] debug-file - watch worker: worker id should be larger than 0. Nothing will be sent to any worker thread.
[2026-04-21T17:50:58.831] [DEBUG] debug-file - worker[1] exits with exit code 1.
[2026-04-21T17:50:58.831] [DEBUG] debug-file - watch worker: worker id should be larger than 0. Nothing will be sent to any worker thread.
[2026-04-21T17:50:58.831] [DEBUG] debug-file - worker[0] exits with exit code 1.
[2026-04-21T17:50:58.834] [DEBUG] debug-file - worker[22] exits with exit code 1.
[2026-04-21T17:50:58.838] [DEBUG] debug-file - worker[21] exits with exit code 1.
